     *******************************************************************
     *                                                                 *
     *     NONLINEAR LEAST SQUARES ANALYSIS                            *
     *                                                                 *
     *    Optimization                                          ;T     *
     *                                                                 *                                                                *
     *******************************************************************


     INPUT DATA
     ==========
      I        Y(I)     X(1,I)    X(
      1           9.607125E-08        6.7313E+02
      2           6.301955E-05        8.7034E+02
      3           1.326935E-04        1.0238E+03
      4           1.997909E-04        1.1456E+03
      5           2.734202E-04        1.2481E+03
      6           3.425140E-04        1.3458E+03
      7           4.022808E-04        1.4273E+03
      8           4.959052E-04        1.5562E+03
      9           5.906447E-04        1.6838E+03
     10           6.663238E-04        1.7854E+03
     11           7.454974E-04        1.8870E+03
     12           8.464524E-04        2.0171E+03
     13           9.440321E-04        2.1541E+03
     14           1.031125E-03        2.2888E+03
     15           1.100000E-03        2.4305E+03
     16           1.145723E-03        2.5541E+03
     17           1.173848E-03        2.6683E+03
     18           1.193044E-03        2.7577E+03
     19           1.210244E-03        2.8814E+03
     20           1.210282E-03        2.9857E+03
     21           1.198903E-03        3.0404E+03
     22           1.176311E-03        3.1047E+03
     23           1.158569E-03        3.1461E+03
     24           1.138823E-03        3.1746E+03
     25           1.120794E-03        3.1969E+03
     26           1.066760E-03        3.2696E+03
     27           1.005396E-03        3.3288E+03
     28           9.450115E-04        3.3845E+03
     29           8.795114E-04        3.4442E+03
     30           8.167686E-04        3.4910E+03
     31           7.366074E-04        3.5602E+03
     32           6.354717E-04        3.6532E+03
     33           5.402879E-04        3.7470E+03
     34           4.618669E-04        3.8389E+03
     35           4.213284E-04        3.8966E+03
     36           3.805077E-04        3.9571E+03
     37           3.280715E-04        4.0462E+03
     38           2.815871E-04        4.1545E+03
     39           2.385832E-04        4.2944E+03
     40           2.096980E-04        4.4127E+03
     41           1.831710E-04        4.5468E+03
     42           1.578419E-04        4.6839E+03
     43           1.330928E-04        4.8197E+03



     ITER        SSQ       Smann       SGCL        SWFH1       SWFH2 
      0     7.35705E-06  1.0000E-03  4.2157E-01  3.7533E-03  1.2639E-03
      1     1.24644E-06  1.0000E-03  4.2157E-01  3.7533E-03  1.2639E-03
      1     1.24644E-06  2.7094E-03  1.8723E-01  4.2294E-03  1.9280E-03
      2     3.37949E-07  2.7094E-03  1.8723E-01  4.2294E-03  1.9280E-03
      2     3.37949E-07  3.9240E-03  1.6891E-01  5.9710E-03  2.3703E-03
      3     3.10484E-07  3.9240E-03  1.6891E-01  5.9710E-03  2.3703E-03
      3     3.10484E-07  4.2777E-03  2.5858E-01  7.9195E-03  4.3997E-03
      4     2.82693E-07  4.2777E-03  2.5858E-01  7.9195E-03  4.3997E-03
      4     2.82693E-07  4.6089E-03  3.0952E-01  1.0685E-02  8.8821E-03
      5     3.18056E-07  4.6089E-03  3.0952E-01  1.0685E-02  8.8821E-03
      5     2.80229E-07  4.6089E-03  3.0952E-01  1.0685E-02  8.8821E-03
      5     2.80229E-07  4.4713E-03  2.5797E-01  1.0615E-02  9.8961E-03
      6     3.05981E-07  4.4713E-03  2.5797E-01  1.0615E-02  9.8961E-03
      6     2.82243E-07  4.4713E-03  2.5797E-01  1.0615E-02  9.8961E-03
      6     2.79961E-07  4.4713E-03  2.5797E-01  1.0615E-02  9.8961E-03
      6     2.79961E-07  4.4667E-03  2.5216E-01  1.0623E-02  1.0007E-02



     CORRELATION MATRIX
     ==================
          1        2        3        4
     1   1.0000
     2  -0.2645   1.0000
     3   0.3086  -0.9636   1.0000
     4   0.3546  -0.9750   0.9966   1.0000



     NONLINEAR LEAST-SQUARES ANALYSIS, FINAL RESULTS
     ===============================================

                                                        95% CONFIDENCE LIMITS
     NAME        VALUE        S.E.COEFF.   T-VALUE        LOWER         UPPER
     Smann        4.466729E-03           8.398871E-04         5.318250E+00          2.767797E-03           6.165661E-03
     SGCL         2.521595E-01           2.263153E-01         1.114195E+00         -2.056333E-01           7.099524E-01
     SWFH1        1.062263E-02           9.436685E-03         1.125674E+00         -8.465986E-03           2.971125E-02
     SWFH2        1.000727E-02           2.424723E-02         4.127179E-01         -3.904027E-02           5.905481E-02


      I      Y-OBS       Y-FIT       Y-DIF
      1     0.00000     0.00001    -0.00001
      2     0.00006     0.00006     0.00000
      3     0.00013     0.00015    -0.00001
      4     0.00020     0.00022    -0.00002
      5     0.00027     0.00029    -0.00002
      6     0.00034     0.00036    -0.00002
      7     0.00040     0.00041    -0.00001
      8     0.00050     0.00049     0.00000
      9     0.00059     0.00058     0.00001
     10     0.00067     0.00064     0.00002
     11     0.00075     0.00071     0.00003
     12     0.00085     0.00080     0.00005
     13     0.00094     0.00090     0.00005
     14     0.00103     0.00099     0.00004
     15     0.00110     0.00108     0.00002
     16     0.00115     0.00116    -0.00001
     17     0.00117     0.00122    -0.00005
     18     0.00119     0.00127    -0.00008
     19     0.00121     0.00133    -0.00012
     20     0.00121     0.00138    -0.00017
     21     0.00120     0.00133    -0.00014
     22     0.00118     0.00119    -0.00001
     23     0.00116     0.00111     0.00005
     24     0.00114     0.00106     0.00008
     25     0.00112     0.00102     0.00010
     26     0.00107     0.00092     0.00015
     27     0.00101     0.00085     0.00015
     28     0.00095     0.00079     0.00015
     29     0.00088     0.00074     0.00014
     30     0.00082     0.00070     0.00012
     31     0.00074     0.00065     0.00009
     32     0.00064     0.00059     0.00005
     33     0.00054     0.00054     0.00000
     34     0.00046     0.00049    -0.00003
     35     0.00042     0.00047    -0.00005
     36     0.00038     0.00044    -0.00006
     37     0.00033     0.00041    -0.00008
     38     0.00028     0.00038    -0.00009
     39     0.00024     0.00034    -0.00010
     40     0.00021     0.00031    -0.00010
     41     0.00018     0.00028    -0.00010
     42     0.00016     0.00025    -0.00009
     43     0.00013     0.00023    -0.00010



     END OF PROBLEM
     ==============



