     *******************************************************************
     *                                                                 *
     *     NONLINEAR LEAST SQUARES ANALYSIS                            *
     *                                                                 *
     *    Optimization                                          ;T     *
     *                                                                 *                                                                *
     *******************************************************************


     INPUT DATA
     ==========
      I        Y(I)     X(1,I)    X(
      1           0.000000E+00        1.0000E+00
      2           0.000000E+00        2.0000E+00
      3           0.000000E+00        4.0000E+00
      4           0.000000E+00        8.0000E+00
      5           0.000000E+00        1.6000E+01
      6           0.000000E+00        3.0915E+01
      7           0.000000E+00        6.0746E+01
      8           0.000000E+00        1.2041E+02
      9           0.000000E+00        2.1020E+02
     10           3.819047E-08        3.0000E+02
     11           7.108754E-06        4.0000E+02
     12           1.534896E-05        5.0000E+02
     13           3.329542E-05        6.0000E+02
     14           4.495367E-05        7.0000E+02
     15           6.799634E-05        8.0000E+02
     16           9.435586E-05        9.0000E+02
     17           1.345064E-04        1.0000E+03
     18           1.559183E-04        1.1000E+03
     19           1.869185E-04        1.2000E+03
     20           2.214087E-04        1.3000E+03
     21           2.594821E-04        1.4000E+03
     22           2.993974E-04        1.5000E+03
     23           3.380204E-04        1.6000E+03
     24           3.774268E-04        1.7000E+03
     25           4.229612E-04        1.8000E+03
     26           4.778933E-04        1.9000E+03
     27           5.410861E-04        2.0000E+03
     28           6.109570E-04        2.1000E+03
     29           6.826841E-04        2.2000E+03
     30           7.561530E-04        2.3000E+03
     31           8.285386E-04        2.4000E+03
     32           9.003854E-04        2.5000E+03
     33           9.695391E-04        2.6000E+03
     34           1.034315E-03        2.7000E+03
     35           1.095222E-03        2.8000E+03
     36           1.148958E-03        2.9000E+03
     37           1.198397E-03        3.0000E+03
     38           1.059840E-03        3.1000E+03
     39           9.270432E-04        3.2000E+03
     40           8.159111E-04        3.3000E+03
     41           7.251573E-04        3.4000E+03
     42           6.493982E-04        3.5000E+03
     43           5.868069E-04        3.6000E+03
     44           5.343032E-04        3.7000E+03
     45           4.889601E-04        3.8000E+03
     46           4.474523E-04        3.9000E+03
     47           4.102235E-04        4.0000E+03
     48           3.756138E-04        4.1000E+03
     49           3.459350E-04        4.2000E+03
     50           3.204633E-04        4.3000E+03
     51           2.979006E-04        4.4000E+03
     52           2.775399E-04        4.5000E+03
     53           2.581696E-04        4.6000E+03
     54           2.394864E-04        4.7000E+03
     55           2.219800E-04        4.8000E+03
     56           2.061263E-04        4.9000E+03
     57           1.918618E-04        5.0000E+03
     58           1.786888E-04        5.1000E+03
     59           1.663682E-04        5.2000E+03
     60           1.551001E-04        5.3000E+03
     61           1.451881E-04        5.4000E+03
     62           1.364110E-04        5.5000E+03
     63           1.285694E-04        5.6000E+03
     64           1.215587E-04        5.7000E+03
     65           1.152165E-04        5.8000E+03
     66           1.093240E-04        5.9000E+03



     ITER        SSQ       Smann       SGCL        SWFH1       SWFH2 
      0     9.88226E-07  1.0000E-03  1.9722E-01  7.1489E-04  5.7039E-04
      1     1.75402E-07  1.0000E-03  1.9722E-01  7.1489E-04  5.7039E-04
      1     1.75402E-07  1.0197E-03  8.4104E-02  3.8832E-03  2.3498E-03
      2     1.11233E-07  1.0197E-03  8.4104E-02  3.8832E-03  2.3498E-03
      2     1.11233E-07  1.1746E-03  1.4607E-01  1.1207E-02  1.5807E-02
      3     6.36369E-08  1.1746E-03  1.4607E-01  1.1207E-02  1.5807E-02
      3     6.36369E-08  1.4971E-03  1.6686E-01  1.6080E-02  3.1811E-02
      4     1.17835E-06  1.4971E-03  1.6686E-01  1.6080E-02  3.1811E-02
      4     1.09909E-06  1.4971E-03  1.6686E-01  1.6080E-02  3.1811E-02
      4     6.18477E-07  1.4971E-03  1.6686E-01  1.6080E-02  3.1811E-02
      4     4.80336E-08  1.4971E-03  1.6686E-01  1.6080E-02  3.1811E-02
      4     4.80336E-08  1.7995E-03  1.7395E-01  1.9583E-02  4.6882E-02
      5     1.24772E-06  1.7995E-03  1.7395E-01  1.9583E-02  4.6882E-02
      5     7.14908E-08  1.7995E-03  1.7395E-01  1.9583E-02  4.6882E-02
      5     4.28333E-08  1.7995E-03  1.7395E-01  1.9583E-02  4.6882E-02
      5     4.28333E-08  1.8888E-03  1.7232E-01  1.9767E-02  4.9479E-02
      6     5.97620E-08  1.8888E-03  1.7232E-01  1.9767E-02  4.9479E-02
      6     4.29905E-08  1.8888E-03  1.7232E-01  1.9767E-02  4.9479E-02
      6     4.38554E-08  1.8888E-03  1.7232E-01  1.9767E-02  4.9479E-02
      6     4.27441E-08  1.8888E-03  1.7232E-01  1.9767E-02  4.9479E-02
      6     4.27441E-08  1.8896E-03  1.7199E-01  1.9770E-02  4.9486E-02



     CORRELATION MATRIX
     ==================
          1        2        3        4
     1   1.0000
     2  -0.8259   1.0000
     3   0.8894  -0.8966   1.0000
     4   0.9267  -0.9435   0.9866   1.0000



     NONLINEAR LEAST-SQUARES ANALYSIS, FINAL RESULTS
     ===============================================

                                                        95% CONFIDENCE LIMITS
     NAME        VALUE        S.E.COEFF.   T-VALUE        LOWER         UPPER
     Smann        1.889584E-03           2.394782E-04         7.890425E+00          1.410850E-03           2.368319E-03
     SGCL         1.719928E-01           2.019106E-02         8.518264E+00          1.316294E-01           2.123562E-01
     SWFH1        1.976975E-02           1.992021E-03         9.924468E+00          1.578755E-02           2.375194E-02
     SWFH2        4.948590E-02           1.286209E-02         3.847422E+00          2.377364E-02           7.519815E-02


      I      Y-OBS       Y-FIT       Y-DIF
      1     0.00000     0.00000     0.00000
      2     0.00000     0.00000     0.00000
      3     0.00000     0.00000     0.00000
      4     0.00000     0.00000     0.00000
      5     0.00000     0.00000     0.00000
      6     0.00000     0.00000     0.00000
      7     0.00000     0.00000     0.00000
      8     0.00000     0.00000     0.00000
      9     0.00000     0.00000     0.00000
     10     0.00000     0.00000     0.00000
     11     0.00001     0.00000     0.00001
     12     0.00002     0.00000     0.00002
     13     0.00003     0.00000     0.00003
     14     0.00004     0.00000     0.00004
     15     0.00007     0.00001     0.00006
     16     0.00009     0.00004     0.00006
     17     0.00013     0.00007     0.00006
     18     0.00016     0.00009     0.00006
     19     0.00019     0.00012     0.00007
     20     0.00022     0.00017     0.00005
     21     0.00026     0.00023     0.00003
     22     0.00030     0.00029     0.00001
     23     0.00034     0.00035    -0.00001
     24     0.00038     0.00040    -0.00003
     25     0.00042     0.00046    -0.00004
     26     0.00048     0.00052    -0.00005
     27     0.00054     0.00058    -0.00004
     28     0.00061     0.00065    -0.00004
     29     0.00068     0.00071    -0.00003
     30     0.00076     0.00078    -0.00002
     31     0.00083     0.00084    -0.00001
     32     0.00090     0.00090    -0.00000
     33     0.00097     0.00097     0.00000
     34     0.00103     0.00103     0.00001
     35     0.00110     0.00108     0.00001
     36     0.00115     0.00114     0.00001
     37     0.00120     0.00119     0.00001
     38     0.00106     0.00107    -0.00001
     39     0.00093     0.00090     0.00003
     40     0.00082     0.00078     0.00003
     41     0.00073     0.00070     0.00003
     42     0.00065     0.00063     0.00002
     43     0.00059     0.00058     0.00001
     44     0.00053     0.00053     0.00001
     45     0.00049     0.00049     0.00000
     46     0.00045     0.00045    -0.00000
     47     0.00041     0.00041    -0.00000
     48     0.00038     0.00038    -0.00001
     49     0.00035     0.00036    -0.00001
     50     0.00032     0.00033    -0.00001
     51     0.00030     0.00031    -0.00001
     52     0.00028     0.00029    -0.00001
     53     0.00026     0.00027    -0.00001
     54     0.00024     0.00025    -0.00001
     55     0.00022     0.00024    -0.00001
     56     0.00021     0.00022    -0.00002
     57     0.00019     0.00021    -0.00002
     58     0.00018     0.00020    -0.00002
     59     0.00017     0.00019    -0.00002
     60     0.00016     0.00017    -0.00002
     61     0.00015     0.00017    -0.00002
     62     0.00014     0.00016    -0.00002
     63     0.00013     0.00015    -0.00002
     64     0.00012     0.00014    -0.00002
     65     0.00012     0.00013    -0.00002
     66     0.00011     0.00013    -0.00002



     END OF PROBLEM
     ==============



